wearosmodule/build/intermediates/manifest_merge_blame_file/debug/manifest-merger-blame-debug-report.txt
1<?xml version="1.0" encoding="utf-8"?>
2<manifest xmlns:android="http://schemas.android.com/apk/res/android"
3    package="com.example.wearosmodule"
4    android:versionCode="1"
5    android:versionName="1.0" >
6
7    <uses-sdk
8        android:minSdkVersion="30"
9        android:targetSdkVersion="34" />
10
11    <uses-feature android:name="android.hardware.type.watch" />
11-->src\main\AndroidManifest.xml:4:5-64
11-->src\main\AndroidManifest.xml:4:19-61
12
13    <uses-permission android:name="android.permission.WAKE_LOCK" />
13-->src\main\AndroidManifest.xml:6:5-68
13-->src\main\AndroidManifest.xml:6:22-65
14
15    <permission
15-->[androidx.core:core:1.9.0] AndroidManifest.xml:22:5-24:47
16        android:name="com.example.wearosmodule.DYNAMIC_RECEIVER_NOT_EXPORTED_PERMISSION"
16-->[androidx.core:core:1.9.0] AndroidManifest.xml:23:9-81
17        android:protectionLevel="signature" />
17-->[androidx.core:core:1.9.0] AndroidManifest.xml:24:9-44
18
19    <uses-permission android:name="com.example.wearosmodule.DYNAMIC_RECEIVER_NOT_EXPORTED_PERMISSION" />
19-->[androidx.core:core:1.9.0] AndroidManifest.xml:26:5-97
19-->[androidx.core:core:1.9.0] AndroidManifest.xml:26:22-94
20
21    <queries>
21-->[androidx.wear.tiles:tiles:1.1.0] AndroidManifest.xml:7:5-11:15
22        <intent>
22-->[androidx.wear.tiles:tiles:1.1.0] AndroidManifest.xml:8:9-10:18
23            <action android:name="androidx.wear.tiles.action.BIND_UPDATE_REQUESTER" />
23-->[androidx.wear.tiles:tiles:1.1.0] AndroidManifest.xml:9:13-87
23-->[androidx.wear.tiles:tiles:1.1.0] AndroidManifest.xml:9:21-84
24        </intent>
25    </queries>
26
27    <application
27-->src\main\AndroidManifest.xml:8:5-66:19
28        android:allowBackup="true"
28-->src\main\AndroidManifest.xml:9:9-35
29        android:appComponentFactory="androidx.core.app.CoreComponentFactory"
29-->[androidx.core:core:1.9.0] AndroidManifest.xml:28:18-86
30        android:debuggable="true"
31        android:extractNativeLibs="false"
32        android:icon="@mipmap/ic_launcher"
32-->src\main\AndroidManifest.xml:10:9-43
33        android:label="@string/app_name"
33-->src\main\AndroidManifest.xml:11:9-41
34        android:supportsRtl="true"
34-->src\main\AndroidManifest.xml:12:9-35
35        android:theme="@android:style/Theme.DeviceDefault" >
35-->src\main\AndroidManifest.xml:13:9-59
36        <service
36-->src\main\AndroidManifest.xml:14:9-29:19
37            android:name="com.example.wearosmodule.complication.MainComplicationService"
37-->src\main\AndroidManifest.xml:15:13-65
38            android:exported="true"
38-->src\main\AndroidManifest.xml:16:13-36
39            android:label="@string/complication_label"
39-->src\main\AndroidManifest.xml:17:13-55
40            android:permission="com.google.android.wearable.permission.BIND_COMPLICATION_PROVIDER" >
40-->src\main\AndroidManifest.xml:18:13-99
41            <intent-filter>
41-->src\main\AndroidManifest.xml:19:13-21:29
42                <action android:name="android.support.wearable.complications.ACTION_COMPLICATION_UPDATE_REQUEST" />
42-->src\main\AndroidManifest.xml:20:17-116
42-->src\main\AndroidManifest.xml:20:25-113
43            </intent-filter>
44
45            <meta-data
45-->src\main\AndroidManifest.xml:23:13-25:46
46                android:name="android.support.wearable.complications.SUPPORTED_TYPES"
46-->src\main\AndroidManifest.xml:24:17-86
47                android:value="SHORT_TEXT" />
47-->src\main\AndroidManifest.xml:25:17-43
48            <meta-data
48-->src\main\AndroidManifest.xml:26:13-28:37
49                android:name="android.support.wearable.complications.UPDATE_PERIOD_SECONDS"
49-->src\main\AndroidManifest.xml:27:17-92
50                android:value="0" />
50-->src\main\AndroidManifest.xml:28:17-34
51        </service>
52        <service
52-->src\main\AndroidManifest.xml:30:9-42:19
53            android:name="com.example.wearosmodule.tile.MainTileService"
53-->src\main\AndroidManifest.xml:31:13-49
54            android:exported="true"
54-->src\main\AndroidManifest.xml:32:13-36
55            android:label="@string/tile_label"
55-->src\main\AndroidManifest.xml:33:13-47
56            android:permission="com.google.android.wearable.permission.BIND_TILE_PROVIDER" >
56-->src\main\AndroidManifest.xml:34:13-91
57            <intent-filter>
57-->src\main\AndroidManifest.xml:35:13-37:29
58                <action android:name="androidx.wear.tiles.action.BIND_TILE_PROVIDER" />
58-->src\main\AndroidManifest.xml:36:17-88
58-->src\main\AndroidManifest.xml:36:25-85
59            </intent-filter>
60
61            <meta-data
61-->src\main\AndroidManifest.xml:39:13-41:61
62                android:name="androidx.wear.tiles.PREVIEW"
62-->src\main\AndroidManifest.xml:40:17-59
63                android:resource="@drawable/tile_preview" />
63-->src\main\AndroidManifest.xml:41:17-58
64        </service>
65
66        <uses-library
66-->src\main\AndroidManifest.xml:44:9-46:39
67            android:name="com.google.android.wearable"
67-->src\main\AndroidManifest.xml:45:13-55
68            android:required="true" />
68-->src\main\AndroidManifest.xml:46:13-36
69        <!--
70               Set to true if your app is Standalone, that is, it does not require the handheld
71               app to run.
72        -->
73        <meta-data
73-->src\main\AndroidManifest.xml:51:9-53:36
74            android:name="com.google.android.wearable.standalone"
74-->src\main\AndroidManifest.xml:52:13-66
75            android:value="true" />
75-->src\main\AndroidManifest.xml:53:13-33
76
77        <activity
77-->src\main\AndroidManifest.xml:55:9-65:20
78            android:name="com.example.wearosmodule.presentation.MainActivity"
78-->src\main\AndroidManifest.xml:56:13-54
79            android:exported="true"
79-->src\main\AndroidManifest.xml:57:13-36
80            android:label="@string/app_name"
80-->src\main\AndroidManifest.xml:58:13-45
81            android:theme="@android:style/Theme.DeviceDefault" >
81-->src\main\AndroidManifest.xml:59:13-63
82            <intent-filter>
82-->src\main\AndroidManifest.xml:60:13-64:29
83                <action android:name="android.intent.action.MAIN" />
83-->src\main\AndroidManifest.xml:61:17-69
83-->src\main\AndroidManifest.xml:61:25-66
84
85                <category android:name="android.intent.category.LAUNCHER" />
85-->src\main\AndroidManifest.xml:63:17-77
85-->src\main\AndroidManifest.xml:63:27-74
86            </intent-filter>
87        </activity>
88        <activity
88-->[androidx.compose.ui:ui-tooling:1.3.0] AndroidManifest.xml:23:9-25:39
89            android:name="androidx.compose.ui.tooling.PreviewActivity"
89-->[androidx.compose.ui:ui-tooling:1.3.0] AndroidManifest.xml:24:13-71
90            android:exported="true" />
90-->[androidx.compose.ui:ui-tooling:1.3.0] AndroidManifest.xml:25:13-36
91        <activity
91-->[androidx.compose.ui:ui-test-manifest:1.3.0] AndroidManifest.xml:23:9-25:39
92            android:name="androidx.activity.ComponentActivity"
92-->[androidx.compose.ui:ui-test-manifest:1.3.0] AndroidManifest.xml:24:13-63
93            android:exported="true" />
93-->[androidx.compose.ui:ui-test-manifest:1.3.0] AndroidManifest.xml:25:13-36
94
95        <meta-data
95-->[com.google.android.gms:play-services-fitness:21.0.0] AndroidManifest.xml:23:9-25:38
96            android:name="com.google.gms.fitness.sdk.version"
96-->[com.google.android.gms:play-services-fitness:21.0.0] AndroidManifest.xml:24:13-62
97            android:value="20.0.0" />
97-->[com.google.android.gms:play-services-fitness:21.0.0] AndroidManifest.xml:25:13-35
98
99        <activity
99-->[com.google.android.gms:play-services-base:18.0.1] AndroidManifest.xml:20:9-22:45
100            android:name="com.google.android.gms.common.api.GoogleApiActivity"
100-->[com.google.android.gms:play-services-base:18.0.1] AndroidManifest.xml:20:19-85
101            android:exported="false"
101-->[com.google.android.gms:play-services-base:18.0.1] AndroidManifest.xml:22:19-43
102            android:theme="@android:style/Theme.Translucent.NoTitleBar" />
102-->[com.google.android.gms:play-services-base:18.0.1] AndroidManifest.xml:21:19-78
103
104        <meta-data
104-->[com.google.android.gms:play-services-basement:18.0.0] AndroidManifest.xml:21:9-23:69
105            android:name="com.google.android.gms.version"
105-->[com.google.android.gms:play-services-basement:18.0.0] AndroidManifest.xml:22:13-58
106            android:value="@integer/google_play_services_version" />
106-->[com.google.android.gms:play-services-basement:18.0.0] AndroidManifest.xml:23:13-66
107
108        <provider
108-->[androidx.profileinstaller:profileinstaller:1.2.0] AndroidManifest.xml:25:9-33:20
109            android:name="androidx.startup.InitializationProvider"
109-->[androidx.profileinstaller:profileinstaller:1.2.0] AndroidManifest.xml:26:13-67
110            android:authorities="com.example.wearosmodule.androidx-startup"
110-->[androidx.profileinstaller:profileinstaller:1.2.0] AndroidManifest.xml:27:13-68
111            android:exported="false" >
111-->[androidx.profileinstaller:profileinstaller:1.2.0] AndroidManifest.xml:28:13-37
112            <meta-data
112-->[androidx.profileinstaller:profileinstaller:1.2.0] AndroidManifest.xml:30:13-32:52
113                android:name="androidx.profileinstaller.ProfileInstallerInitializer"
113-->[androidx.profileinstaller:profileinstaller:1.2.0] AndroidManifest.xml:31:17-85
114                android:value="androidx.startup" />
114-->[androidx.profileinstaller:profileinstaller:1.2.0] AndroidManifest.xml:32:17-49
115        </provider>
116
117        <receiver
117-->[androidx.profileinstaller:profileinstaller:1.2.0] AndroidManifest.xml:35:9-47:20
118            android:name="androidx.profileinstaller.ProfileInstallReceiver"
118-->[androidx.profileinstaller:profileinstaller:1.2.0] AndroidManifest.xml:36:13-76
119            android:directBootAware="false"
119-->[androidx.profileinstaller:profileinstaller:1.2.0] AndroidManifest.xml:37:13-44
120            android:enabled="true"
120-->[androidx.profileinstaller:profileinstaller:1.2.0] AndroidManifest.xml:38:13-35
121            android:exported="true"
121-->[androidx.profileinstaller:profileinstaller:1.2.0] AndroidManifest.xml:39:13-36
122            android:permission="android.permission.DUMP" >
122-->[androidx.profileinstaller:profileinstaller:1.2.0] AndroidManifest.xml:40:13-57
123            <intent-filter>
123-->[androidx.profileinstaller:profileinstaller:1.2.0] AndroidManifest.xml:41:13-43:29
124                <action android:name="androidx.profileinstaller.action.INSTALL_PROFILE" />
124-->[androidx.profileinstaller:profileinstaller:1.2.0] AndroidManifest.xml:42:17-91
124-->[androidx.profileinstaller:profileinstaller:1.2.0] AndroidManifest.xml:42:25-88
125            </intent-filter>
126            <intent-filter>
126-->[androidx.profileinstaller:profileinstaller:1.2.0] AndroidManifest.xml:44:13-46:29
127                <action android:name="androidx.profileinstaller.action.SKIP_FILE" />
127-->[androidx.profileinstaller:profileinstaller:1.2.0] AndroidManifest.xml:45:17-85
127-->[androidx.profileinstaller:profileinstaller:1.2.0] AndroidManifest.xml:45:25-82
128            </intent-filter>
129        </receiver>
130    </application>
131
132</manifest>